<?xml version="1.0" encoding="UTF-8"?>
<!-- Generated by org.testng.reporters.JUnitXMLReporter -->
<testsuite ignored="0" hostname="MacBook-Pro.local" failures="5" tests="25" name="Login Tests" time="192.093" errors="0" timestamp="2026-02-10T20:51:44 CST">
  <testcase classname="com.salesforce.tests.ValidLoginTest" name="testLoginPageDisplay" time="0.041"/>
  <testcase classname="com.salesforce.tests.InvalidLoginTest" name="testEmptyCredentials" time="0.316"/>
  <testcase classname="com.salesforce.tests.InvalidLoginTest" name="testEmptyUsername" time="0.669"/>
  <testcase classname="com.salesforce.tests.ValidLoginTest" name="testLoginPageTitle" time="0.003"/>
  <testcase classname="com.salesforce.tests.ValidLoginTest" name="testUsernameFieldEmpty" time="0.023"/>
  <testcase classname="com.salesforce.tests.InvalidLoginTest" name="testEmptyPassword" time="0.66"/>
  <testcase classname="com.salesforce.tests.ValidLoginTest" name="testPasswordFieldEmpty" time="0.022"/>
  <testcase classname="com.salesforce.tests.InvalidLoginTest" name="testInvalidCredentials" time="1.194"/>
  <testcase classname="com.salesforce.tests.ValidLoginTest" name="testRememberMeUncheckedByDefault" time="0.025"/>
  <testcase classname="com.salesforce.tests.ValidLoginTest" name="testRememberMeCheckboxFunctionality" time="15.208">
    <failure type="java.lang.Exception" message="Test failed: Failed to click remember me checkbox: no such window: target window already closed
from unknown error: web view not found
  (Session info: chrome=145.0.7632.46)
Build info: version: &amp;apos;4.18.1&amp;apos;, revision: &amp;apos;b1d3319b48&amp;apos;
System info: os.name: &amp;apos;Mac OS X&amp;apos;, os.arch: &amp;apos;aarch64&amp;apos;, os.version: &amp;apos;12.7.4&amp;apos;, java.version: &amp;apos;17.0.8.1&amp;apos;
Driver info: org.openqa.selenium.chrome.ChromeDriver
Command: [7efa2f1f1f7d49feb209ae0662093279, findElement {value=//input[@id=&amp;apos;rememberUn&amp;apos;], using=xpath}]
Capabilities {acceptInsecureCerts: false, browserName: chrome, browserVersion: 145.0.7632.46, chrome: {chromedriverVersion: 145.0.7632.46 (9b899469dedf..., userDataDir: /var/folders/cl/sgth5x211ws...}, fedcm:accounts: true, goog:chromeOptions: {debuggerAddress: localhost:59393}, goog:processID: 88402, networkConnectionEnabled: false, pageLoadStrategy: normal, platformName: mac, proxy: Proxy(), se:cdp: ws://localhost:59393/devtoo..., se:cdpVersion: 145.0.7632.46, setWindowRect: true, strictFileInteractability: false, timeouts: {implicit: 0, pageLoad: 300000, script: 30000}, unhandledPromptBehavior: dismiss and notify, webauthn:extension:credBlob: true, webauthn:extension:largeBlob: true, webauthn:extension:minPinLength: true, webauthn:extension:prf: true, webauthn:virtualAuthenticators: true}
Session ID: 7efa2f1f1f7d49feb209ae0662093279">
      <![CDATA[java.lang.Exception: Test failed: Failed to click remember me checkbox: no such window: target window already closed
from unknown error: web view not found
  (Session info: chrome=145.0.7632.46)
Build info: version: '4.18.1', revision: 'b1d3319b48'
System info: os.name: 'Mac OS X', os.arch: 'aarch64', os.version: '12.7.4', java.version: '17.0.8.1'
Driver info: org.openqa.selenium.chrome.ChromeDriver
Command: [7efa2f1f1f7d49feb209ae0662093279, findElement {value=//input[@id='rememberUn'], using=xpath}]
Capabilities {acceptInsecureCerts: false, browserName: chrome, browserVersion: 145.0.7632.46, chrome: {chromedriverVersion: 145.0.7632.46 (9b899469dedf..., userDataDir: /var/folders/cl/sgth5x211ws...}, fedcm:accounts: true, goog:chromeOptions: {debuggerAddress: localhost:59393}, goog:processID: 88402, networkConnectionEnabled: false, pageLoadStrategy: normal, platformName: mac, proxy: Proxy(), se:cdp: ws://localhost:59393/devtoo..., se:cdpVersion: 145.0.7632.46, setWindowRect: true, strictFileInteractability: false, timeouts: {implicit: 0, pageLoad: 300000, script: 30000}, unhandledPromptBehavior: dismiss and notify, webauthn:extension:credBlob: true, webauthn:extension:largeBlob: true, webauthn:extension:minPinLength: true, webauthn:extension:prf: true, webauthn:virtualAuthenticators: true}
Session ID: 7efa2f1f1f7d49feb209ae0662093279
at com.salesforce.tests.ValidLoginTest.testRememberMeCheckboxFunctionality(ValidLoginTest.java:74)
at java.base/java.util.concurrent.Executors$RunnableAdapter.call(Executors.java:539)
at java.base/java.util.concurrent.FutureTask.run(FutureTask.java:264)
at java.base/java.util.concurrent.ThreadPoolExecutor.runWorker(ThreadPoolExecutor.java:1136)
at java.base/java.util.concurrent.ThreadPoolExecutor$Worker.run(ThreadPoolExecutor.java:635)
at java.base/java.lang.Thread.run(Thread.java:833)
... Removed 13 stack frames]]>
    </failure>
  </testcase> <!-- testRememberMeCheckboxFunctionality -->
  <testcase classname="com.salesforce.tests.InvalidLoginTest" name="testSpecialCharactersInUsername" time="0.701"/>
  <testcase classname="com.salesforce.tests.ValidLoginTest" name="testLoginWithValidCredentialsFormat" time="1.474">
    <failure type="java.lang.Exception" message="Test failed: Page load wait failed: stale element reference: stale element not found
  (Session info: chrome=145.0.7632.46)
For documentation on this error, please visit: https://www.selenium.dev/documentation/webdriver/troubleshooting/errors#stale-element-reference-exception
Build info: version: &amp;apos;4.18.1&amp;apos;, revision: &amp;apos;b1d3319b48&amp;apos;
System info: os.name: &amp;apos;Mac OS X&amp;apos;, os.arch: &amp;apos;aarch64&amp;apos;, os.version: &amp;apos;12.7.4&amp;apos;, java.version: &amp;apos;17.0.8.1&amp;apos;
Driver info: org.openqa.selenium.chrome.ChromeDriver
Command: [c44f43d63824f72353fba8e202eff100, isElementDisplayed {id=f.236E3238A69959F54CFB56A08119CB2F.d.4ED817582C82FA98F325A92A2092438B.e.36}]
Capabilities {acceptInsecureCerts: false, browserName: chrome, browserVersion: 145.0.7632.46, chrome: {chromedriverVersion: 145.0.7632.46 (9b899469dedf..., userDataDir: /var/folders/cl/sgth5x211ws...}, fedcm:accounts: true, goog:chromeOptions: {debuggerAddress: localhost:59414}, goog:processID: 88472, networkConnectionEnabled: false, pageLoadStrategy: normal, platformName: mac, proxy: Proxy(), se:cdp: ws://localhost:59414/devtoo..., se:cdpVersion: 145.0.7632.46, setWindowRect: true, strictFileInteractability: false, timeouts: {implicit: 0, pageLoad: 300000, script: 30000}, unhandledPromptBehavior: dismiss and notify, webauthn:extension:credBlob: true, webauthn:extension:largeBlob: true, webauthn:extension:minPinLength: true, webauthn:extension:prf: true, webauthn:virtualAuthenticators: true}
Element: [[ChromeDriver: chrome on mac (c44f43d63824f72353fba8e202eff100)] -&amp;gt; xpath: //input[@id=&amp;apos;Login&amp;apos;]]
Session ID: c44f43d63824f72353fba8e202eff100">
      <![CDATA[java.lang.Exception: Test failed: Page load wait failed: stale element reference: stale element not found
  (Session info: chrome=145.0.7632.46)
For documentation on this error, please visit: https://www.selenium.dev/documentation/webdriver/troubleshooting/errors#stale-element-reference-exception
Build info: version: '4.18.1', revision: 'b1d3319b48'
System info: os.name: 'Mac OS X', os.arch: 'aarch64', os.version: '12.7.4', java.version: '17.0.8.1'
Driver info: org.openqa.selenium.chrome.ChromeDriver
Command: [c44f43d63824f72353fba8e202eff100, isElementDisplayed {id=f.236E3238A69959F54CFB56A08119CB2F.d.4ED817582C82FA98F325A92A2092438B.e.36}]
Capabilities {acceptInsecureCerts: false, browserName: chrome, browserVersion: 145.0.7632.46, chrome: {chromedriverVersion: 145.0.7632.46 (9b899469dedf..., userDataDir: /var/folders/cl/sgth5x211ws...}, fedcm:accounts: true, goog:chromeOptions: {debuggerAddress: localhost:59414}, goog:processID: 88472, networkConnectionEnabled: false, pageLoadStrategy: normal, platformName: mac, proxy: Proxy(), se:cdp: ws://localhost:59414/devtoo..., se:cdpVersion: 145.0.7632.46, setWindowRect: true, strictFileInteractability: false, timeouts: {implicit: 0, pageLoad: 300000, script: 30000}, unhandledPromptBehavior: dismiss and notify, webauthn:extension:credBlob: true, webauthn:extension:largeBlob: true, webauthn:extension:minPinLength: true, webauthn:extension:prf: true, webauthn:virtualAuthenticators: true}
Element: [[ChromeDriver: chrome on mac (c44f43d63824f72353fba8e202eff100)] -> xpath: //input[@id='Login']]
Session ID: c44f43d63824f72353fba8e202eff100
at com.salesforce.tests.ValidLoginTest.testLoginWithValidCredentialsFormat(ValidLoginTest.java:88)
at java.base/java.util.concurrent.Executors$RunnableAdapter.call(Executors.java:539)
at java.base/java.util.concurrent.FutureTask.run(FutureTask.java:264)
at java.base/java.util.concurrent.ThreadPoolExecutor.runWorker(ThreadPoolExecutor.java:1136)
at java.base/java.util.concurrent.ThreadPoolExecutor$Worker.run(ThreadPoolExecutor.java:635)
at java.base/java.lang.Thread.run(Thread.java:833)
... Removed 13 stack frames]]>
    </failure>
  </testcase> <!-- testLoginWithValidCredentialsFormat -->
  <testcase classname="com.salesforce.tests.InvalidLoginTest" name="testSqlInjectionInUsername" time="0.293"/>
  <testcase classname="com.salesforce.tests.ValidLoginTest" name="testLoginWithRememberMeOption" time="0.331"/>
  <testcase classname="com.salesforce.tests.InvalidLoginTest" name="testVeryLongUsername" time="0.355"/>
  <testcase classname="com.salesforce.tests.ValidLoginTest" name="testCurrentUrlContainsSalesforce" time="0.001">
    <failure type="java.lang.Exception" message="Test failed: Failed to get current URL: no such window: target window already closed
from unknown error: web view not found
  (Session info: chrome=145.0.7632.46)
Build info: version: &amp;apos;4.18.1&amp;apos;, revision: &amp;apos;b1d3319b48&amp;apos;
System info: os.name: &amp;apos;Mac OS X&amp;apos;, os.arch: &amp;apos;aarch64&amp;apos;, os.version: &amp;apos;12.7.4&amp;apos;, java.version: &amp;apos;17.0.8.1&amp;apos;
Driver info: org.openqa.selenium.chrome.ChromeDriver
Command: [13132cfc88080078833f1a36144f150e, getCurrentUrl {}]
Capabilities {acceptInsecureCerts: false, browserName: chrome, browserVersion: 145.0.7632.46, chrome: {chromedriverVersion: 145.0.7632.46 (9b899469dedf..., userDataDir: /var/folders/cl/sgth5x211ws...}, fedcm:accounts: true, goog:chromeOptions: {debuggerAddress: localhost:59461}, goog:processID: 88542, networkConnectionEnabled: false, pageLoadStrategy: normal, platformName: mac, proxy: Proxy(), se:cdp: ws://localhost:59461/devtoo..., se:cdpVersion: 145.0.7632.46, setWindowRect: true, strictFileInteractability: false, timeouts: {implicit: 0, pageLoad: 300000, script: 30000}, unhandledPromptBehavior: dismiss and notify, webauthn:extension:credBlob: true, webauthn:extension:largeBlob: true, webauthn:extension:minPinLength: true, webauthn:extension:prf: true, webauthn:virtualAuthenticators: true}
Session ID: 13132cfc88080078833f1a36144f150e">
      <![CDATA[java.lang.Exception: Test failed: Failed to get current URL: no such window: target window already closed
from unknown error: web view not found
  (Session info: chrome=145.0.7632.46)
Build info: version: '4.18.1', revision: 'b1d3319b48'
System info: os.name: 'Mac OS X', os.arch: 'aarch64', os.version: '12.7.4', java.version: '17.0.8.1'
Driver info: org.openqa.selenium.chrome.ChromeDriver
Command: [13132cfc88080078833f1a36144f150e, getCurrentUrl {}]
Capabilities {acceptInsecureCerts: false, browserName: chrome, browserVersion: 145.0.7632.46, chrome: {chromedriverVersion: 145.0.7632.46 (9b899469dedf..., userDataDir: /var/folders/cl/sgth5x211ws...}, fedcm:accounts: true, goog:chromeOptions: {debuggerAddress: localhost:59461}, goog:processID: 88542, networkConnectionEnabled: false, pageLoadStrategy: normal, platformName: mac, proxy: Proxy(), se:cdp: ws://localhost:59461/devtoo..., se:cdpVersion: 145.0.7632.46, setWindowRect: true, strictFileInteractability: false, timeouts: {implicit: 0, pageLoad: 300000, script: 30000}, unhandledPromptBehavior: dismiss and notify, webauthn:extension:credBlob: true, webauthn:extension:largeBlob: true, webauthn:extension:minPinLength: true, webauthn:extension:prf: true, webauthn:virtualAuthenticators: true}
Session ID: 13132cfc88080078833f1a36144f150e
at com.salesforce.tests.ValidLoginTest.testCurrentUrlContainsSalesforce(ValidLoginTest.java:111)
at java.base/java.util.concurrent.Executors$RunnableAdapter.call(Executors.java:539)
at java.base/java.util.concurrent.FutureTask.run(FutureTask.java:264)
at java.base/java.util.concurrent.ThreadPoolExecutor.runWorker(ThreadPoolExecutor.java:1136)
at java.base/java.util.concurrent.ThreadPoolExecutor$Worker.run(ThreadPoolExecutor.java:635)
at java.base/java.lang.Thread.run(Thread.java:833)
... Removed 13 stack frames]]>
    </failure>
  </testcase> <!-- testCurrentUrlContainsSalesforce -->
  <testcase classname="com.salesforce.tests.InvalidLoginTest" name="testSpacesOnlyUsername" time="0.314"/>
  <testcase classname="com.salesforce.tests.ValidLoginTest" name="testLoginPageElementsInteractable" time="0.244"/>
  <testcase classname="com.salesforce.tests.InvalidLoginTest" name="testXssAttemptInPassword" time="2.926"/>
  <testcase classname="com.salesforce.tests.InvalidLoginTest" name="testStaysOnLoginPageAfterFailedLogin" time="1.934"/>
  <testcase classname="com.salesforce.tests.InvalidLoginTest" name="testErrorMessageContainsRelevantText" time="0.38"/>
  <testcase classname="com.salesforce.tests.InvalidLoginTest" name="testMultipleFailedLoginAttempts" time="3.7">
    <failure type="java.lang.AssertionError" message="Error should be displayed on attempt 2 expected [true] but found [false]">
      <![CDATA[java.lang.AssertionError: Error should be displayed on attempt 2 expected [true] but found [false]
at com.salesforce.tests.InvalidLoginTest.testMultipleFailedLoginAttempts(InvalidLoginTest.java:182)
at java.base/java.util.concurrent.Executors$RunnableAdapter.call(Executors.java:539)
at java.base/java.util.concurrent.FutureTask.run(FutureTask.java:264)
at java.base/java.util.concurrent.ThreadPoolExecutor.runWorker(ThreadPoolExecutor.java:1136)
at java.base/java.util.concurrent.ThreadPoolExecutor$Worker.run(ThreadPoolExecutor.java:635)
at java.base/java.lang.Thread.run(Thread.java:833)
... Removed 16 stack frames]]>
    </failure>
  </testcase> <!-- testMultipleFailedLoginAttempts -->
  <testcase classname="com.salesforce.tests.InvalidLoginTest" name="testPasswordCaseSensitivity" time="0.845"/>
  <testcase classname="com.salesforce.tests.InvalidLoginTest" name="testUnicodeCharactersInUsername" time="0.426"/>
  <testcase classname="com.salesforce.tests.InvalidLoginTest" name="testInvalidUsernameFormat" time="180.01">
    <failure type="java.lang.Exception" message="Test failed: Failed to enter username: java.util.concurrent.TimeoutException
Build info: version: &amp;apos;4.18.1&amp;apos;, revision: &amp;apos;b1d3319b48&amp;apos;
System info: os.name: &amp;apos;Mac OS X&amp;apos;, os.arch: &amp;apos;aarch64&amp;apos;, os.version: &amp;apos;12.7.4&amp;apos;, java.version: &amp;apos;17.0.8.1&amp;apos;
Driver info: org.openqa.selenium.chrome.ChromeDriver
Command: [67a68875aea6b80ecd10bc1658dcdcd4, findElement {value=//input[@id=&amp;apos;username&amp;apos;], using=xpath}]
Capabilities {acceptInsecureCerts: false, browserName: chrome, browserVersion: 145.0.7632.46, chrome: {chromedriverVersion: 145.0.7632.46 (9b899469dedf..., userDataDir: /var/folders/cl/sgth5x211ws...}, fedcm:accounts: true, goog:chromeOptions: {debuggerAddress: localhost:59350}, goog:processID: 88344, networkConnectionEnabled: false, pageLoadStrategy: normal, platformName: mac, proxy: Proxy(), se:cdp: ws://localhost:59350/devtoo..., se:cdpVersion: 145.0.7632.46, setWindowRect: true, strictFileInteractability: false, timeouts: {implicit: 0, pageLoad: 300000, script: 30000}, unhandledPromptBehavior: dismiss and notify, webauthn:extension:credBlob: true, webauthn:extension:largeBlob: true, webauthn:extension:minPinLength: true, webauthn:extension:prf: true, webauthn:virtualAuthenticators: true}">
      <![CDATA[java.lang.Exception: Test failed: Failed to enter username: java.util.concurrent.TimeoutException
Build info: version: '4.18.1', revision: 'b1d3319b48'
System info: os.name: 'Mac OS X', os.arch: 'aarch64', os.version: '12.7.4', java.version: '17.0.8.1'
Driver info: org.openqa.selenium.chrome.ChromeDriver
Command: [67a68875aea6b80ecd10bc1658dcdcd4, findElement {value=//input[@id='username'], using=xpath}]
Capabilities {acceptInsecureCerts: false, browserName: chrome, browserVersion: 145.0.7632.46, chrome: {chromedriverVersion: 145.0.7632.46 (9b899469dedf..., userDataDir: /var/folders/cl/sgth5x211ws...}, fedcm:accounts: true, goog:chromeOptions: {debuggerAddress: localhost:59350}, goog:processID: 88344, networkConnectionEnabled: false, pageLoadStrategy: normal, platformName: mac, proxy: Proxy(), se:cdp: ws://localhost:59350/devtoo..., se:cdpVersion: 145.0.7632.46, setWindowRect: true, strictFileInteractability: false, timeouts: {implicit: 0, pageLoad: 300000, script: 30000}, unhandledPromptBehavior: dismiss and notify, webauthn:extension:credBlob: true, webauthn:extension:largeBlob: true, webauthn:extension:minPinLength: true, webauthn:extension:prf: true, webauthn:virtualAuthenticators: true}
at com.salesforce.tests.InvalidLoginTest.testInvalidUsernameFormat(InvalidLoginTest.java:66)
at java.base/java.util.concurrent.Executors$RunnableAdapter.call(Executors.java:539)
at java.base/java.util.concurrent.FutureTask.run(FutureTask.java:264)
at java.base/java.util.concurrent.ThreadPoolExecutor.runWorker(ThreadPoolExecutor.java:1136)
at java.base/java.util.concurrent.ThreadPoolExecutor$Worker.run(ThreadPoolExecutor.java:635)
at java.base/java.lang.Thread.run(Thread.java:833)
... Removed 13 stack frames]]>
    </failure>
  </testcase> <!-- testInvalidUsernameFormat -->
</testsuite> <!-- Login Tests -->
